warning: unused imports: `MAP_H` and `MAP_W`
  --> src\map.rs:25:24
   |
25 | use crate::constants::{MAP_W, MAP_H};
   |                        ^^^^^  ^^^^^
   |
   = note: `#[warn(unused_imports)]` (part of `#[warn(unused)]`) on by default

warning: unused import: `FACILITY_OUTPUT`
  --> src\economy.rs:18:5
   |
18 |     FACILITY_OUTPUT, CITY_BASE_FOOD,
   |     ^^^^^^^^^^^^^^^

warning: unused imports: `MAP_H` and `MAP_W`
  --> src\game.rs:23:5
   |
23 |     MAP_W, MAP_H,
   |     ^^^^^  ^^^^^

warning: unused import: `step_game`
  --> src\eval.rs:13:53
   |
13 | use crate::game::{GameState, init_game_with_config, step_game, step_game_multi, VictoryType};
   |                                                     ^^^^^^^^^

warning: unused import: `same_team`
  --> src\ai\greedy.rs:17:45
   |
17 | use crate::game::{GameState, primary_enemy, same_team};
   |                                             ^^^^^^^^^

warning: unused import: `City`
  --> src\ai\greedy.rs:18:35
   |
18 | use crate::unit::{Unit, UnitType, City};
   |                                   ^^^^

warning: unused import: `Grid`
  --> src\ai\greedy.rs:19:18
   |
19 | use crate::map::{Grid, Terrain};
   |                  ^^^^

warning: unused imports: `CAVALRY_CHARGE_BONUS`, `CITY_BASE_FOOD`, `CITY_DEF`, `CITY_HP`, `FACILITY_OUTPUT`, `STARTING_FOOD`, `STARTING_GOLD`, and `STARTING_WOOD`
  --> src\ai\greedy.rs:23:19
   |
23 |     MAP_W, MAP_H, CITY_HP, CITY_DEF, CAVALRY_CHARGE_BONUS,
   |                   ^^^^^^^  ^^^^^^^^  ^^^^^^^^^^^^^^^^^^^^
24 |     FACILITY_OUTPUT, CITY_BASE_FOOD,
   |     ^^^^^^^^^^^^^^^  ^^^^^^^^^^^^^^
25 |     STARTING_FOOD, STARTING_WOOD, STARTING_GOLD,
   |     ^^^^^^^^^^^^^  ^^^^^^^^^^^^^  ^^^^^^^^^^^^^

warning: unused imports: `TechBonuses` and `TechManager`
  --> src\ai\greedy.rs:27:19
   |
27 | use crate::tech::{TechManager, TechBonuses};
   |                   ^^^^^^^^^^^  ^^^^^^^^^^^

warning: unused import: `crate::tech::TechManager`
  --> src\ai\evo.rs:14:5
   |
14 | use crate::tech::TechManager;
   |     ^^^^^^^^^^^^^^^^^^^^^^^^

warning: unused import: `crate::tech::TechManager`
  --> src\ai\fixed.rs:21:5
   |
21 | use crate::tech::TechManager;
   |     ^^^^^^^^^^^^^^^^^^^^^^^^

warning: unused import: `crate::tech::TechManager`
  --> src\ai\probes.rs:19:5
   |
19 | use crate::tech::TechManager;
   |     ^^^^^^^^^^^^^^^^^^^^^^^^

warning: unused import: `primary_enemy`
  --> src\ai\search.rs:12:41
   |
12 | use crate::game::{GameState, step_game, primary_enemy};
   |                                         ^^^^^^^^^^^^^

warning: unused import: `same_team`
  --> src\ai\flatmc.rs:23:41
   |
23 | use crate::game::{GameState, step_game, same_team, primary_enemy};
   |                                         ^^^^^^^^^

warning: unused import: `crate::tech::TechManager`
  --> src\ai\flatmc.rs:29:5
   |
29 | use crate::tech::TechManager;
   |     ^^^^^^^^^^^^^^^^^^^^^^^^

warning: unused variable: `generator_id`
   --> src\map.rs:156:32
    |
156 | pub fn generate_map(seed: u64, generator_id: &str, map_size: u8, player_count: u8) -> Grid {
    |                                ^^^^^^^^^^^^ help: if this is intentional, prefix it with an underscore: `_generator_id`
    |
    = note: `#[warn(unused_variables)]` (part of `#[warn(unused)]`) on by default

warning: variable does not need to be mutable
  --> src\combat.rs:73:9
   |
73 |     let mut def_damage = calc_damage(defender.atk, def_bonus, attacker.def, att_bonus);
   |         ----^^^^^^^^^^
   |         |
   |         help: remove this `mut`
   |
   = note: `#[warn(unused_mut)]` (part of `#[warn(unused)]`) on by default

warning: unused variable: `opp`
  --> src\ai\random.rs:29:13
   |
29 |         let opp = primary_enemy(pid, &gs.config).unwrap_or(if pid == 0 { 1 } else { 0 });
   |             ^^^ help: if this is intentional, prefix it with an underscore: `_opp`

warning: unused variable: `rng`
   --> src\ai\greedy.rs:146:47
    |
146 |     fn decide(&self, gs: &GameState, pid: u8, rng: &mut dyn RngCore) -> Vec<Action> {
    |                                               ^^^ help: if this is intentional, prefix it with an underscore: `_rng`

warning: unused variable: `opp`
   --> src\ai\greedy.rs:147:13
    |
147 |         let opp = primary_enemy(pid, &gs.config).unwrap_or(if pid == 0 { 1 } else { 0 });
    |             ^^^ help: if this is intentional, prefix it with an underscore: `_opp`

warning: unused variable: `size`
   --> src\ai\greedy.rs:330:9
    |
330 |     let size = MAP_W as i32;
    |         ^^^^ help: if this is intentional, prefix it with an underscore: `_size`

warning: unused variable: `a`
   --> src\ai\greedy.rs:501:25
    |
501 |     strategy: Strategy, a: &StrategicAssessment,
    |                         ^ help: if this is intentional, prefix it with an underscore: `_a`

warning: unused variable: `pid`
   --> src\ai\greedy.rs:720:34
    |
720 |     unit: &Unit, gs: &GameState, pid: u8,
    |                                  ^^^ help: if this is intentional, prefix it with an underscore: `_pid`

warning: unused variable: `a`
   --> src\ai\greedy.rs:843:31
    |
843 |     counter: &Option<String>, a: &StrategicAssessment,
    |                               ^ help: if this is intentional, prefix it with an underscore: `_a`

warning: unused variable: `cfg`
   --> src\ai\evo.rs:481:75
    |
481 |     tx: i32, ty: i32, dist_weight: f64, high_ground: f64, terrain_w: f64, cfg: &GreedyConfig,
    |                                                                           ^^^ help: if this is intentional, prefix it with an underscore: `_cfg`

warning: unused variable: `team_trailing`
   --> src\ai\probes.rs:695:21
    |
695 |                 let team_trailing = t_lead <= 2;
    |                     ^^^^^^^^^^^^^ help: if this is intentional, prefix it with an underscore: `_team_trailing`

warning: function `team_alive` is never used
   --> src\game.rs:210:4
    |
210 | fn team_alive(team: u8, gs: &GameState) -> bool {
    |    ^^^^^^^^^^
    |
    = note: `#[warn(dead_code)]` (part of `#[warn(unused)]`) on by default

warning: multiple fields are never read
   --> src\ai\greedy.rs:230:5
    |
226 | struct StrategicAssessment {
    |        ------------------- fields in this struct
...
230 |     res_ratio: f64,
    |     ^^^^^^^^^
231 |     tech_lead: i32,
    |     ^^^^^^^^^
...
234 |     my_frontline_count: usize,
    |     ^^^^^^^^^^^^^^^^^^
235 |     opp_frontline_count: usize,
    |     ^^^^^^^^^^^^^^^^^^^
236 |     opp_near_city_count: usize,
    |     ^^^^^^^^^^^^^^^^^^^
237 |     enemy_defense_strong: bool,
    |     ^^^^^^^^^^^^^^^^^^^^
238 |     weak_point: Option<(i32, i32)>,
239 |     my_power: i32,
    |     ^^^^^^^^
240 |     opp_power: i32,
    |     ^^^^^^^^^
    |
    = note: `StrategicAssessment` has derived impls for the traits `Debug` and `Clone`, but these are intentionally ignored during dead code analysis

warning: `miniciv-core` (lib) generated 28 warnings (run `cargo fix --lib -p miniciv-core` to apply 26 suggestions)
    Finished `release` profile [optimized] target(s) in 0.17s
     Running `target\release\flatmc-plateau.exe 50 950000`
FlatMC平台期探测: 6 depths × 4 opps × 50 seeds = 2400 games, C1甜点
[1/24] depth=10 vs Builder: WR=40.0% T=7.7s elapsed=8s
[2/24] depth=10 vs Rusher: WR=84.0% T=7.0s elapsed=15s
[3/24] depth=10 vs AlwaysWhite: WR=59.0% T=4.3s elapsed=19s
[4/24] depth=10 vs StateAware: WR=64.0% T=8.8s elapsed=28s
[5/24] depth=12 vs Builder: WR=56.0% T=10.9s elapsed=39s
[6/24] depth=12 vs Rusher: WR=86.0% T=11.9s elapsed=51s
[7/24] depth=12 vs AlwaysWhite: WR=82.0% T=11.2s elapsed=62s
[8/24] depth=12 vs StateAware: WR=80.0% T=15.2s elapsed=77s
[9/24] depth=16 vs Builder: WR=74.0% T=9.6s elapsed=87s
[10/24] depth=16 vs Rusher: WR=98.0% T=17.6s elapsed=104s
[11/24] depth=16 vs AlwaysWhite: WR=93.0% T=9.3s elapsed=114s
[12/24] depth=16 vs StateAware: WR=84.0% T=7.0s elapsed=120s
[13/24] depth=20 vs Builder: WR=85.0% T=22.0s elapsed=142s
[14/24] depth=20 vs Rusher: WR=90.0% T=23.9s elapsed=166s
[15/24] depth=20 vs AlwaysWhite: WR=91.0% T=12.3s elapsed=179s
[16/24] depth=20 vs StateAware: WR=83.0% T=20.9s elapsed=200s
[17/24] depth=24 vs Builder: WR=92.0% T=38.0s elapsed=238s
[18/24] depth=24 vs Rusher: WR=94.0% T=21.1s elapsed=259s
[19/24] depth=24 vs AlwaysWhite: WR=93.0% T=17.9s elapsed=277s
[20/24] depth=24 vs StateAware: WR=91.0% T=19.2s elapsed=296s
完整表已保存 (44 rows)
完成。总耗时=296s
